<?xml version="1.0" encoding="UTF-8"?>
<!-- Generated by org.testng.reporters.JUnitXMLReporter -->
<testsuite ignored="0" hostname="Jaya" failures="1" tests="2" name="ChromeTest" time="27.838" errors="0" timestamp="2023-10-14T13:01:36 IST">
  <testcase classname="TestPack.VerifyLogin" name="verifyLoginContinuePage" time="6.437">
    <failure type="java.lang.AssertionError" message="null">
      <![CDATA[java.lang.AssertionError: null
at TestPack.VerifyLogin.verifyLoginContinuePage(VerifyLogin.java:109)
at java.base/java.util.ArrayList.forEach(ArrayList.java:1511)
... Removed 29 stack frames]]>
    </failure>
  </testcase> <!-- verifyLoginContinuePage -->
  <testcase classname="TestPack.VerifyCreateNewAccount" name="verifyCreateNewAccountButton" time="1.862"/>
</testsuite> <!-- ChromeTest -->
